# JRE version: Java(TM) SE Runtime Environment (8.0_301-b09) (build 1.8.0_301-b09)
# Java VM: Java HotSpot(TM) 64-Bit Server VM (25.301-b09 mixed mode windows-amd64 compressed oops)
Heap:
 PSYoungGen      total 72704K, used 32288K [0x00000000e0000000, 0x00000000e5200000, 0x0000000100000000)
  eden space 61440K, 44% used [0x00000000e0000000,0x00000000e1aaa7b8,0x00000000e3c00000)
  from space 11264K, 44% used [0x00000000e4700000,0x00000000e4bdda28,0x00000000e5200000)
  to   space 8704K, 0% used [0x00000000e3d00000,0x00000000e3d00000,0x00000000e4580000)
 ParOldGen       total 113664K, used 15343K [0x00000000a0000000, 0x00000000a6f00000, 0x00000000e0000000)
  object space 113664K, 13% used [0x00000000a0000000,0x00000000a0efbd40,0x00000000a6f00000)
 Metaspace       used 37996K, capacity 39656K, committed 39808K, reserved 1083392K
  class space    used 5338K, capacity 5689K, committed 5760K, reserved 1048576K
GC Heap History (10 events):
Event: 8.616 GC heap before
{Heap before GC invocations=6 (full 1):
 PSYoungGen      total 76288K, used 65536K [0x00000000e0000000, 0x00000000e5500000, 0x0000000100000000)
  eden space 65536K, 100% used [0x00000000e0000000,0x00000000e4000000,0x00000000e4000000)
  from space 10752K, 0% used [0x00000000e4a80000,0x00000000e4a80000,0x00000000e5500000)
  to   space 10752K, 0% used [0x00000000e4000000,0x00000000e4000000,0x00000000e4a80000)
 ParOldGen       total 74752K, used 8101K [0x00000000a0000000, 0x00000000a4900000, 0x00000000e0000000)
  object space 74752K, 10% used [0x00000000a0000000,0x00000000a07e96d0,0x00000000a4900000)
 Metaspace       used 28564K, capacity 29466K, committed 29696K, reserved 1075200K
  class space    used 4111K, capacity 4348K, committed 4352K, reserved 1048576K
Event: 8.621 GC heap after
Heap after GC invocations=6 (full 1):
 PSYoungGen      total 72704K, used 8511K [0x00000000e0000000, 0x00000000e5580000, 0x0000000100000000)
  eden space 64000K, 0% used [0x00000000e0000000,0x00000000e0000000,0x00000000e3e80000)
  from space 8704K, 97% used [0x00000000e4000000,0x00000000e484feb0,0x00000000e4880000)
  to   space 11776K, 0% used [0x00000000e4a00000,0x00000000e4a00000,0x00000000e5580000)
 ParOldGen       total 74752K, used 8109K [0x00000000a0000000, 0x00000000a4900000, 0x00000000e0000000)
  object space 74752K, 10% used [0x00000000a0000000,0x00000000a07eb6d0,0x00000000a4900000)
 Metaspace       used 28564K, capacity 29466K, committed 29696K, reserved 1075200K
  class space    used 4111K, capacity 4348K, committed 4352K, reserved 1048576K
}
Event: 10.142 GC heap before
{Heap before GC invocations=7 (full 1):
 PSYoungGen      total 72704K, used 72511K [0x00000000e0000000, 0x00000000e5580000, 0x0000000100000000)
  eden space 64000K, 100% used [0x00000000e0000000,0x00000000e3e80000,0x00000000e3e80000)
  from space 8704K, 97% used [0x00000000e4000000,0x00000000e484feb0,0x00000000e4880000)
  to   space 11776K, 0% used [0x00000000e4a00000,0x00000000e4a00000,0x00000000e5580000)
 ParOldGen       total 74752K, used 8109K [0x00000000a0000000, 0x00000000a4900000, 0x00000000e0000000)
  object space 74752K, 10% used [0x00000000a0000000,0x00000000a07eb6d0,0x00000000a4900000)
 Metaspace       used 33181K, capacity 34136K, committed 34432K, reserved 1079296K
  class space    used 4623K, capacity 4875K, committed 4992K, reserved 1048576K
Event: 10.146 GC heap after
Heap after GC invocations=7 (full 1):
 PSYoungGen      total 72704K, used 9227K [0x00000000e0000000, 0x00000000e5400000, 0x0000000100000000)
  eden space 62464K, 0% used [0x00000000e0000000,0x00000000e0000000,0x00000000e3d00000)
  from space 10240K, 90% used [0x00000000e4a00000,0x00000000e5302ee0,0x00000000e5400000)
  to   space 11776K, 0% used [0x00000000e3d00000,0x00000000e3d00000,0x00000000e4880000)
 ParOldGen       total 74752K, used 8117K [0x00000000a0000000, 0x00000000a4900000, 0x00000000e0000000)
  object space 74752K, 10% used [0x00000000a0000000,0x00000000a07ed6d0,0x00000000a4900000)
 Metaspace       used 33181K, capacity 34136K, committed 34432K, reserved 1079296K
  class space    used 4623K, capacity 4875K, committed 4992K, reserved 1048576K
}
Event: 10.455 GC heap before
{Heap before GC invocations=8 (full 1):
 PSYoungGen      total 72704K, used 41842K [0x00000000e0000000, 0x00000000e5400000, 0x0000000100000000)
  eden space 62464K, 52% used [0x00000000e0000000,0x00000000e1fd9cd0,0x00000000e3d00000)
  from space 10240K, 90% used [0x00000000e4a00000,0x00000000e5302ee0,0x00000000e5400000)
  to   space 11776K, 0% used [0x00000000e3d00000,0x00000000e3d00000,0x00000000e4880000)
 ParOldGen       total 74752K, used 8117K [0x00000000a0000000, 0x00000000a4900000, 0x00000000e0000000)
  object space 74752K, 10% used [0x00000000a0000000,0x00000000a07ed6d0,0x00000000a4900000)
 Metaspace       used 34372K, capacity 35398K, committed 35496K, reserved 1079296K
  class space    used 4820K, capacity 5054K, committed 5120K, reserved 1048576K
Event: 10.459 GC heap after
Heap after GC invocations=8 (full 1):
 PSYoungGen      total 70144K, used 8599K [0x00000000e0000000, 0x00000000e5200000, 0x0000000100000000)
  eden space 61440K, 0% used [0x00000000e0000000,0x00000000e0000000,0x00000000e3c00000)
  from space 8704K, 98% used [0x00000000e3d00000,0x00000000e4565c00,0x00000000e4580000)
  to   space 11264K, 0% used [0x00000000e4700000,0x00000000e4700000,0x00000000e5200000)
 ParOldGen       total 74752K, used 8125K [0x00000000a0000000, 0x00000000a4900000, 0x00000000e0000000)
  object space 74752K, 10% used [0x00000000a0000000,0x00000000a07ef6d0,0x00000000a4900000)
 Metaspace       used 34372K, capacity 35398K, committed 35496K, reserved 1079296K
  class space    used 4820K, capacity 5054K, committed 5120K, reserved 1048576K
}
Event: 10.459 GC heap before
{Heap before GC invocations=9 (full 2):
 PSYoungGen      total 70144K, used 8599K [0x00000000e0000000, 0x00000000e5200000, 0x0000000100000000)
  eden space 61440K, 0% used [0x00000000e0000000,0x00000000e0000000,0x00000000e3c00000)
  from space 8704K, 98% used [0x00000000e3d00000,0x00000000e4565c00,0x00000000e4580000)
  to   space 11264K, 0% used [0x00000000e4700000,0x00000000e4700000,0x00000000e5200000)
 ParOldGen       total 74752K, used 8125K [0x00000000a0000000, 0x00000000a4900000, 0x00000000e0000000)
  object space 74752K, 10% used [0x00000000a0000000,0x00000000a07ef6d0,0x00000000a4900000)
 Metaspace       used 34372K, capacity 35398K, committed 35496K, reserved 1079296K
  class space    used 4820K, capacity 5054K, committed 5120K, reserved 1048576K
Event: 10.489 GC heap after
Heap after GC invocations=9 (full 2):
 PSYoungGen      total 70144K, used 0K [0x00000000e0000000, 0x00000000e5200000, 0x0000000100000000)
  eden space 61440K, 0% used [0x00000000e0000000,0x00000000e0000000,0x00000000e3c00000)
  from space 8704K, 0% used [0x00000000e3d00000,0x00000000e3d00000,0x00000000e4580000)
  to   space 11264K, 0% used [0x00000000e4700000,0x00000000e4700000,0x00000000e5200000)
 ParOldGen       total 113664K, used 15335K [0x00000000a0000000, 0x00000000a6f00000, 0x00000000e0000000)
  object space 113664K, 13% used [0x00000000a0000000,0x00000000a0ef9d40,0x00000000a6f00000)
 Metaspace       used 34372K, capacity 35398K, committed 35496K, reserved 1079296K
  class space    used 4820K, capacity 5054K, committed 5120K, reserved 1048576K
}
Event: 12.126 GC heap before
{Heap before GC invocations=10 (full 2):
 PSYoungGen      total 70144K, used 61440K [0x00000000e0000000, 0x00000000e5200000, 0x0000000100000000)
  eden space 61440K, 100% used [0x00000000e0000000,0x00000000e3c00000,0x00000000e3c00000)
  from space 8704K, 0% used [0x00000000e3d00000,0x00000000e3d00000,0x00000000e4580000)
  to   space 11264K, 0% used [0x00000000e4700000,0x00000000e4700000,0x00000000e5200000)
 ParOldGen       total 113664K, used 15335K [0x00000000a0000000, 0x00000000a6f00000, 0x00000000e0000000)
  object space 113664K, 13% used [0x00000000a0000000,0x00000000a0ef9d40,0x00000000a6f00000)
 Metaspace       used 37154K, capacity 38710K, committed 38912K, reserved 1083392K
  class space    used 5222K, capacity 5530K, committed 5632K, reserved 1048576K
Event: 12.130 GC heap after
Heap after GC invocations=10 (full 2):
 PSYoungGen      total 72704K, used 4982K [0x00000000e0000000, 0x00000000e5200000, 0x0000000100000000)
  eden space 61440K, 0% used [0x00000000e0000000,0x00000000e0000000,0x00000000e3c00000)
  from space 11264K, 44% used [0x00000000e4700000,0x00000000e4bdda28,0x00000000e5200000)
  to   space 8704K, 0% used [0x00000000e3d00000,0x00000000e3d00000,0x00000000e4580000)
 ParOldGen       total 113664K, used 15343K [0x00000000a0000000, 0x00000000a6f00000, 0x00000000e0000000)
  object space 113664K, 13% used [0x00000000a0000000,0x00000000a0efbd40,0x00000000a6f00000)
 Metaspace       used 37154K, capacity 38710K, committed 38912K, reserved 1083392K
  class space    used 5222K, capacity 5530K, committed 5632K, reserved 1048576K
}

